2020-11-27 20:30:03.160 [main] INFO  com.ranksays.rocksdb.server.Main - RocksDB Server started, visit http://127.0.0.1:8516
2020-11-27 20:30:20.747 [qtp1146825051-19] ERROR com.ranksays.rocksdb.server.HttpHandler - Received invalid request from client
com.fasterxml.jackson.databind.exc.MismatchedInputException: No content to map due to end-of-input
 at [Source: (org.eclipse.jetty.server.HttpInputOverHTTP); line: 1, column: 0]
	at com.fasterxml.jackson.databind.exc.MismatchedInputException.from(MismatchedInputException.java:59) ~[jackson-databind-2.10.3.jar:2.10.3]
	at com.fasterxml.jackson.databind.ObjectMapper._initForReading(ObjectMapper.java:4360) ~[jackson-databind-2.10.3.jar:2.10.3]
	at com.fasterxml.jackson.databind.ObjectMapper._readMapAndClose(ObjectMapper.java:4205) ~[jackson-databind-2.10.3.jar:2.10.3]
	at com.fasterxml.jackson.databind.ObjectMapper.readValue(ObjectMapper.java:3251) ~[jackson-databind-2.10.3.jar:2.10.3]
	at com.ranksays.rocksdb.server.HttpHandler.handle(HttpHandler.java:51) ~[classes/:?]
	at org.eclipse.jetty.server.handler.HandlerWrapper.handle(HandlerWrapper.java:127) ~[jetty-server-9.4.27.v20200227.jar:9.4.27.v20200227]
	at org.eclipse.jetty.server.Server.handle(Server.java:500) ~[jetty-server-9.4.27.v20200227.jar:9.4.27.v20200227]
	at org.eclipse.jetty.server.HttpChannel.lambda$handle$1(HttpChannel.java:383) ~[jetty-server-9.4.27.v20200227.jar:9.4.27.v20200227]
	at org.eclipse.jetty.server.HttpChannel.dispatch(HttpChannel.java:547) [jetty-server-9.4.27.v20200227.jar:9.4.27.v20200227]
	at org.eclipse.jetty.server.HttpChannel.handle(HttpChannel.java:375) [jetty-server-9.4.27.v20200227.jar:9.4.27.v20200227]
	at org.eclipse.jetty.server.HttpConnection.onFillable(HttpConnection.java:273) [jetty-server-9.4.27.v20200227.jar:9.4.27.v20200227]
	at org.eclipse.jetty.io.AbstractConnection$ReadCallback.succeeded(AbstractConnection.java:311) [jetty-io-9.4.27.v20200227.jar:9.4.27.v20200227]
	at org.eclipse.jetty.io.FillInterest.fillable(FillInterest.java:103) [jetty-io-9.4.27.v20200227.jar:9.4.27.v20200227]
	at org.eclipse.jetty.io.ChannelEndPoint$2.run(ChannelEndPoint.java:117) [jetty-io-9.4.27.v20200227.jar:9.4.27.v20200227]
	at org.eclipse.jetty.util.thread.QueuedThreadPool.runJob(QueuedThreadPool.java:806) [jetty-util-9.4.27.v20200227.jar:9.4.27.v20200227]
	at org.eclipse.jetty.util.thread.QueuedThreadPool$Runner.run(QueuedThreadPool.java:938) [jetty-util-9.4.27.v20200227.jar:9.4.27.v20200227]
	at java.lang.Thread.run(Thread.java:748) [?:1.8.0_261]
2020-11-27 20:30:20.804 [qtp1146825051-19] ERROR com.ranksays.rocksdb.server.HttpHandler - Received invalid request from client
com.fasterxml.jackson.databind.exc.MismatchedInputException: No content to map due to end-of-input
 at [Source: (org.eclipse.jetty.server.HttpInputOverHTTP); line: 1, column: 0]
	at com.fasterxml.jackson.databind.exc.MismatchedInputException.from(MismatchedInputException.java:59) ~[jackson-databind-2.10.3.jar:2.10.3]
	at com.fasterxml.jackson.databind.ObjectMapper._initForReading(ObjectMapper.java:4360) ~[jackson-databind-2.10.3.jar:2.10.3]
	at com.fasterxml.jackson.databind.ObjectMapper._readMapAndClose(ObjectMapper.java:4205) ~[jackson-databind-2.10.3.jar:2.10.3]
	at com.fasterxml.jackson.databind.ObjectMapper.readValue(ObjectMapper.java:3251) ~[jackson-databind-2.10.3.jar:2.10.3]
	at com.ranksays.rocksdb.server.HttpHandler.handle(HttpHandler.java:51) ~[classes/:?]
	at org.eclipse.jetty.server.handler.HandlerWrapper.handle(HandlerWrapper.java:127) ~[jetty-server-9.4.27.v20200227.jar:9.4.27.v20200227]
	at org.eclipse.jetty.server.Server.handle(Server.java:500) ~[jetty-server-9.4.27.v20200227.jar:9.4.27.v20200227]
	at org.eclipse.jetty.server.HttpChannel.lambda$handle$1(HttpChannel.java:383) ~[jetty-server-9.4.27.v20200227.jar:9.4.27.v20200227]
	at org.eclipse.jetty.server.HttpChannel.dispatch(HttpChannel.java:547) [jetty-server-9.4.27.v20200227.jar:9.4.27.v20200227]
	at org.eclipse.jetty.server.HttpChannel.handle(HttpChannel.java:375) [jetty-server-9.4.27.v20200227.jar:9.4.27.v20200227]
	at org.eclipse.jetty.server.HttpConnection.onFillable(HttpConnection.java:273) [jetty-server-9.4.27.v20200227.jar:9.4.27.v20200227]
	at org.eclipse.jetty.io.AbstractConnection$ReadCallback.succeeded(AbstractConnection.java:311) [jetty-io-9.4.27.v20200227.jar:9.4.27.v20200227]
	at org.eclipse.jetty.io.FillInterest.fillable(FillInterest.java:103) [jetty-io-9.4.27.v20200227.jar:9.4.27.v20200227]
	at org.eclipse.jetty.io.ChannelEndPoint$2.run(ChannelEndPoint.java:117) [jetty-io-9.4.27.v20200227.jar:9.4.27.v20200227]
	at org.eclipse.jetty.util.thread.QueuedThreadPool.runJob(QueuedThreadPool.java:806) [jetty-util-9.4.27.v20200227.jar:9.4.27.v20200227]
	at org.eclipse.jetty.util.thread.QueuedThreadPool$Runner.run(QueuedThreadPool.java:938) [jetty-util-9.4.27.v20200227.jar:9.4.27.v20200227]
	at java.lang.Thread.run(Thread.java:748) [?:1.8.0_261]
2020-11-27 20:30:21.073 [qtp1146825051-14] ERROR com.ranksays.rocksdb.server.HttpHandler - Received invalid request from client
com.fasterxml.jackson.databind.exc.MismatchedInputException: No content to map due to end-of-input
 at [Source: (org.eclipse.jetty.server.HttpInputOverHTTP); line: 1, column: 0]
	at com.fasterxml.jackson.databind.exc.MismatchedInputException.from(MismatchedInputException.java:59) ~[jackson-databind-2.10.3.jar:2.10.3]
	at com.fasterxml.jackson.databind.ObjectMapper._initForReading(ObjectMapper.java:4360) ~[jackson-databind-2.10.3.jar:2.10.3]
	at com.fasterxml.jackson.databind.ObjectMapper._readMapAndClose(ObjectMapper.java:4205) ~[jackson-databind-2.10.3.jar:2.10.3]
	at com.fasterxml.jackson.databind.ObjectMapper.readValue(ObjectMapper.java:3251) ~[jackson-databind-2.10.3.jar:2.10.3]
	at com.ranksays.rocksdb.server.HttpHandler.handle(HttpHandler.java:51) ~[classes/:?]
	at org.eclipse.jetty.server.handler.HandlerWrapper.handle(HandlerWrapper.java:127) ~[jetty-server-9.4.27.v20200227.jar:9.4.27.v20200227]
	at org.eclipse.jetty.server.Server.handle(Server.java:500) ~[jetty-server-9.4.27.v20200227.jar:9.4.27.v20200227]
	at org.eclipse.jetty.server.HttpChannel.lambda$handle$1(HttpChannel.java:383) ~[jetty-server-9.4.27.v20200227.jar:9.4.27.v20200227]
	at org.eclipse.jetty.server.HttpChannel.dispatch(HttpChannel.java:547) ~[jetty-server-9.4.27.v20200227.jar:9.4.27.v20200227]
	at org.eclipse.jetty.server.HttpChannel.handle(HttpChannel.java:375) ~[jetty-server-9.4.27.v20200227.jar:9.4.27.v20200227]
	at org.eclipse.jetty.server.HttpConnection.onFillable(HttpConnection.java:273) ~[jetty-server-9.4.27.v20200227.jar:9.4.27.v20200227]
	at org.eclipse.jetty.io.AbstractConnection$ReadCallback.succeeded(AbstractConnection.java:311) ~[jetty-io-9.4.27.v20200227.jar:9.4.27.v20200227]
	at org.eclipse.jetty.io.FillInterest.fillable(FillInterest.java:103) ~[jetty-io-9.4.27.v20200227.jar:9.4.27.v20200227]
	at org.eclipse.jetty.io.ChannelEndPoint$2.run(ChannelEndPoint.java:117) ~[jetty-io-9.4.27.v20200227.jar:9.4.27.v20200227]
	at org.eclipse.jetty.util.thread.strategy.EatWhatYouKill.runTask(EatWhatYouKill.java:336) ~[jetty-util-9.4.27.v20200227.jar:9.4.27.v20200227]
	at org.eclipse.jetty.util.thread.strategy.EatWhatYouKill.doProduce(EatWhatYouKill.java:313) ~[jetty-util-9.4.27.v20200227.jar:9.4.27.v20200227]
	at org.eclipse.jetty.util.thread.strategy.EatWhatYouKill.tryProduce(EatWhatYouKill.java:171) ~[jetty-util-9.4.27.v20200227.jar:9.4.27.v20200227]
	at org.eclipse.jetty.util.thread.strategy.EatWhatYouKill.produce(EatWhatYouKill.java:135) ~[jetty-util-9.4.27.v20200227.jar:9.4.27.v20200227]
	at org.eclipse.jetty.util.thread.QueuedThreadPool.runJob(QueuedThreadPool.java:806) [jetty-util-9.4.27.v20200227.jar:9.4.27.v20200227]
	at org.eclipse.jetty.util.thread.QueuedThreadPool$Runner.run(QueuedThreadPool.java:938) [jetty-util-9.4.27.v20200227.jar:9.4.27.v20200227]
	at java.lang.Thread.run(Thread.java:748) [?:1.8.0_261]
2020-11-27 20:30:21.077 [qtp1146825051-20] ERROR com.ranksays.rocksdb.server.HttpHandler - Received invalid request from client
com.fasterxml.jackson.databind.exc.MismatchedInputException: No content to map due to end-of-input
 at [Source: (org.eclipse.jetty.server.HttpInputOverHTTP); line: 1, column: 0]
	at com.fasterxml.jackson.databind.exc.MismatchedInputException.from(MismatchedInputException.java:59) ~[jackson-databind-2.10.3.jar:2.10.3]
	at com.fasterxml.jackson.databind.ObjectMapper._initForReading(ObjectMapper.java:4360) ~[jackson-databind-2.10.3.jar:2.10.3]
	at com.fasterxml.jackson.databind.ObjectMapper._readMapAndClose(ObjectMapper.java:4205) ~[jackson-databind-2.10.3.jar:2.10.3]
	at com.fasterxml.jackson.databind.ObjectMapper.readValue(ObjectMapper.java:3251) ~[jackson-databind-2.10.3.jar:2.10.3]
	at com.ranksays.rocksdb.server.HttpHandler.handle(HttpHandler.java:51) ~[classes/:?]
	at org.eclipse.jetty.server.handler.HandlerWrapper.handle(HandlerWrapper.java:127) ~[jetty-server-9.4.27.v20200227.jar:9.4.27.v20200227]
	at org.eclipse.jetty.server.Server.handle(Server.java:500) ~[jetty-server-9.4.27.v20200227.jar:9.4.27.v20200227]
	at org.eclipse.jetty.server.HttpChannel.lambda$handle$1(HttpChannel.java:383) ~[jetty-server-9.4.27.v20200227.jar:9.4.27.v20200227]
	at org.eclipse.jetty.server.HttpChannel.dispatch(HttpChannel.java:547) [jetty-server-9.4.27.v20200227.jar:9.4.27.v20200227]
	at org.eclipse.jetty.server.HttpChannel.handle(HttpChannel.java:375) [jetty-server-9.4.27.v20200227.jar:9.4.27.v20200227]
	at org.eclipse.jetty.server.HttpConnection.onFillable(HttpConnection.java:273) [jetty-server-9.4.27.v20200227.jar:9.4.27.v20200227]
	at org.eclipse.jetty.io.AbstractConnection$ReadCallback.succeeded(AbstractConnection.java:311) [jetty-io-9.4.27.v20200227.jar:9.4.27.v20200227]
	at org.eclipse.jetty.io.FillInterest.fillable(FillInterest.java:103) [jetty-io-9.4.27.v20200227.jar:9.4.27.v20200227]
	at org.eclipse.jetty.io.ChannelEndPoint$2.run(ChannelEndPoint.java:117) [jetty-io-9.4.27.v20200227.jar:9.4.27.v20200227]
	at org.eclipse.jetty.util.thread.strategy.EatWhatYouKill.runTask(EatWhatYouKill.java:336) [jetty-util-9.4.27.v20200227.jar:9.4.27.v20200227]
	at org.eclipse.jetty.util.thread.strategy.EatWhatYouKill.doProduce(EatWhatYouKill.java:313) [jetty-util-9.4.27.v20200227.jar:9.4.27.v20200227]
	at org.eclipse.jetty.util.thread.strategy.EatWhatYouKill.tryProduce(EatWhatYouKill.java:171) [jetty-util-9.4.27.v20200227.jar:9.4.27.v20200227]
	at org.eclipse.jetty.util.thread.strategy.EatWhatYouKill.run(EatWhatYouKill.java:129) [jetty-util-9.4.27.v20200227.jar:9.4.27.v20200227]
	at org.eclipse.jetty.util.thread.ReservedThreadExecutor$ReservedThread.run(ReservedThreadExecutor.java:375) [jetty-util-9.4.27.v20200227.jar:9.4.27.v20200227]
	at org.eclipse.jetty.util.thread.QueuedThreadPool.runJob(QueuedThreadPool.java:806) [jetty-util-9.4.27.v20200227.jar:9.4.27.v20200227]
	at org.eclipse.jetty.util.thread.QueuedThreadPool$Runner.run(QueuedThreadPool.java:938) [jetty-util-9.4.27.v20200227.jar:9.4.27.v20200227]
	at java.lang.Thread.run(Thread.java:748) [?:1.8.0_261]
2020-11-27 20:54:27.711 [main] INFO  com.ranksays.rocksdb.server.Main - RocksDB Server started, visit http://127.0.0.1:8516
2020-11-27 21:39:09.266 [main] INFO  com.ranksays.rocksdb.server.Main - RocksDB Server started, visit http://127.0.0.1:8516
2020-11-27 21:40:22.538 [qtp1146825051-19] ERROR com.ranksays.rocksdb.server.HttpHandler - Received invalid request from client
com.fasterxml.jackson.databind.exc.MismatchedInputException: No content to map due to end-of-input
 at [Source: (org.eclipse.jetty.server.HttpInputOverHTTP); line: 1, column: 0]
	at com.fasterxml.jackson.databind.exc.MismatchedInputException.from(MismatchedInputException.java:59) ~[jackson-databind-2.10.3.jar:2.10.3]
	at com.fasterxml.jackson.databind.ObjectMapper._initForReading(ObjectMapper.java:4360) ~[jackson-databind-2.10.3.jar:2.10.3]
	at com.fasterxml.jackson.databind.ObjectMapper._readMapAndClose(ObjectMapper.java:4205) ~[jackson-databind-2.10.3.jar:2.10.3]
	at com.fasterxml.jackson.databind.ObjectMapper.readValue(ObjectMapper.java:3251) ~[jackson-databind-2.10.3.jar:2.10.3]
	at com.ranksays.rocksdb.server.HttpHandler.handle(HttpHandler.java:51) ~[classes/:?]
	at org.eclipse.jetty.server.handler.HandlerWrapper.handle(HandlerWrapper.java:127) ~[jetty-server-9.4.27.v20200227.jar:9.4.27.v20200227]
	at org.eclipse.jetty.server.Server.handle(Server.java:500) ~[jetty-server-9.4.27.v20200227.jar:9.4.27.v20200227]
	at org.eclipse.jetty.server.HttpChannel.lambda$handle$1(HttpChannel.java:383) ~[jetty-server-9.4.27.v20200227.jar:9.4.27.v20200227]
	at org.eclipse.jetty.server.HttpChannel.dispatch(HttpChannel.java:547) [jetty-server-9.4.27.v20200227.jar:9.4.27.v20200227]
	at org.eclipse.jetty.server.HttpChannel.handle(HttpChannel.java:375) [jetty-server-9.4.27.v20200227.jar:9.4.27.v20200227]
	at org.eclipse.jetty.server.HttpConnection.onFillable(HttpConnection.java:273) [jetty-server-9.4.27.v20200227.jar:9.4.27.v20200227]
	at org.eclipse.jetty.io.AbstractConnection$ReadCallback.succeeded(AbstractConnection.java:311) [jetty-io-9.4.27.v20200227.jar:9.4.27.v20200227]
	at org.eclipse.jetty.io.FillInterest.fillable(FillInterest.java:103) [jetty-io-9.4.27.v20200227.jar:9.4.27.v20200227]
	at org.eclipse.jetty.io.ChannelEndPoint$2.run(ChannelEndPoint.java:117) [jetty-io-9.4.27.v20200227.jar:9.4.27.v20200227]
	at org.eclipse.jetty.util.thread.QueuedThreadPool.runJob(QueuedThreadPool.java:806) [jetty-util-9.4.27.v20200227.jar:9.4.27.v20200227]
	at org.eclipse.jetty.util.thread.QueuedThreadPool$Runner.run(QueuedThreadPool.java:938) [jetty-util-9.4.27.v20200227.jar:9.4.27.v20200227]
	at java.lang.Thread.run(Thread.java:748) [?:1.8.0_261]
2020-11-27 21:40:22.589 [qtp1146825051-19] ERROR com.ranksays.rocksdb.server.HttpHandler - Received invalid request from client
com.fasterxml.jackson.databind.exc.MismatchedInputException: No content to map due to end-of-input
 at [Source: (org.eclipse.jetty.server.HttpInputOverHTTP); line: 1, column: 0]
	at com.fasterxml.jackson.databind.exc.MismatchedInputException.from(MismatchedInputException.java:59) ~[jackson-databind-2.10.3.jar:2.10.3]
	at com.fasterxml.jackson.databind.ObjectMapper._initForReading(ObjectMapper.java:4360) ~[jackson-databind-2.10.3.jar:2.10.3]
	at com.fasterxml.jackson.databind.ObjectMapper._readMapAndClose(ObjectMapper.java:4205) ~[jackson-databind-2.10.3.jar:2.10.3]
	at com.fasterxml.jackson.databind.ObjectMapper.readValue(ObjectMapper.java:3251) ~[jackson-databind-2.10.3.jar:2.10.3]
	at com.ranksays.rocksdb.server.HttpHandler.handle(HttpHandler.java:51) ~[classes/:?]
	at org.eclipse.jetty.server.handler.HandlerWrapper.handle(HandlerWrapper.java:127) ~[jetty-server-9.4.27.v20200227.jar:9.4.27.v20200227]
	at org.eclipse.jetty.server.Server.handle(Server.java:500) ~[jetty-server-9.4.27.v20200227.jar:9.4.27.v20200227]
	at org.eclipse.jetty.server.HttpChannel.lambda$handle$1(HttpChannel.java:383) ~[jetty-server-9.4.27.v20200227.jar:9.4.27.v20200227]
	at org.eclipse.jetty.server.HttpChannel.dispatch(HttpChannel.java:547) [jetty-server-9.4.27.v20200227.jar:9.4.27.v20200227]
	at org.eclipse.jetty.server.HttpChannel.handle(HttpChannel.java:375) [jetty-server-9.4.27.v20200227.jar:9.4.27.v20200227]
	at org.eclipse.jetty.server.HttpConnection.onFillable(HttpConnection.java:273) [jetty-server-9.4.27.v20200227.jar:9.4.27.v20200227]
	at org.eclipse.jetty.io.AbstractConnection$ReadCallback.succeeded(AbstractConnection.java:311) [jetty-io-9.4.27.v20200227.jar:9.4.27.v20200227]
	at org.eclipse.jetty.io.FillInterest.fillable(FillInterest.java:103) [jetty-io-9.4.27.v20200227.jar:9.4.27.v20200227]
	at org.eclipse.jetty.io.ChannelEndPoint$2.run(ChannelEndPoint.java:117) [jetty-io-9.4.27.v20200227.jar:9.4.27.v20200227]
	at org.eclipse.jetty.util.thread.QueuedThreadPool.runJob(QueuedThreadPool.java:806) [jetty-util-9.4.27.v20200227.jar:9.4.27.v20200227]
	at org.eclipse.jetty.util.thread.QueuedThreadPool$Runner.run(QueuedThreadPool.java:938) [jetty-util-9.4.27.v20200227.jar:9.4.27.v20200227]
	at java.lang.Thread.run(Thread.java:748) [?:1.8.0_261]
2020-11-27 21:40:22.852 [qtp1146825051-15] ERROR com.ranksays.rocksdb.server.HttpHandler - Received invalid request from client
com.fasterxml.jackson.databind.exc.MismatchedInputException: No content to map due to end-of-input
 at [Source: (org.eclipse.jetty.server.HttpInputOverHTTP); line: 1, column: 0]
	at com.fasterxml.jackson.databind.exc.MismatchedInputException.from(MismatchedInputException.java:59) ~[jackson-databind-2.10.3.jar:2.10.3]
	at com.fasterxml.jackson.databind.ObjectMapper._initForReading(ObjectMapper.java:4360) ~[jackson-databind-2.10.3.jar:2.10.3]
	at com.fasterxml.jackson.databind.ObjectMapper._readMapAndClose(ObjectMapper.java:4205) ~[jackson-databind-2.10.3.jar:2.10.3]
	at com.fasterxml.jackson.databind.ObjectMapper.readValue(ObjectMapper.java:3251) ~[jackson-databind-2.10.3.jar:2.10.3]
	at com.ranksays.rocksdb.server.HttpHandler.handle(HttpHandler.java:51) ~[classes/:?]
	at org.eclipse.jetty.server.handler.HandlerWrapper.handle(HandlerWrapper.java:127) ~[jetty-server-9.4.27.v20200227.jar:9.4.27.v20200227]
	at org.eclipse.jetty.server.Server.handle(Server.java:500) ~[jetty-server-9.4.27.v20200227.jar:9.4.27.v20200227]
	at org.eclipse.jetty.server.HttpChannel.lambda$handle$1(HttpChannel.java:383) ~[jetty-server-9.4.27.v20200227.jar:9.4.27.v20200227]
	at org.eclipse.jetty.server.HttpChannel.dispatch(HttpChannel.java:547) ~[jetty-server-9.4.27.v20200227.jar:9.4.27.v20200227]
	at org.eclipse.jetty.server.HttpChannel.handle(HttpChannel.java:375) ~[jetty-server-9.4.27.v20200227.jar:9.4.27.v20200227]
	at org.eclipse.jetty.server.HttpConnection.onFillable(HttpConnection.java:273) ~[jetty-server-9.4.27.v20200227.jar:9.4.27.v20200227]
	at org.eclipse.jetty.io.AbstractConnection$ReadCallback.succeeded(AbstractConnection.java:311) ~[jetty-io-9.4.27.v20200227.jar:9.4.27.v20200227]
	at org.eclipse.jetty.io.FillInterest.fillable(FillInterest.java:103) ~[jetty-io-9.4.27.v20200227.jar:9.4.27.v20200227]
	at org.eclipse.jetty.io.ChannelEndPoint$2.run(ChannelEndPoint.java:117) ~[jetty-io-9.4.27.v20200227.jar:9.4.27.v20200227]
	at org.eclipse.jetty.util.thread.strategy.EatWhatYouKill.runTask(EatWhatYouKill.java:336) ~[jetty-util-9.4.27.v20200227.jar:9.4.27.v20200227]
	at org.eclipse.jetty.util.thread.strategy.EatWhatYouKill.doProduce(EatWhatYouKill.java:313) ~[jetty-util-9.4.27.v20200227.jar:9.4.27.v20200227]
	at org.eclipse.jetty.util.thread.strategy.EatWhatYouKill.tryProduce(EatWhatYouKill.java:171) ~[jetty-util-9.4.27.v20200227.jar:9.4.27.v20200227]
	at org.eclipse.jetty.util.thread.strategy.EatWhatYouKill.produce(EatWhatYouKill.java:135) ~[jetty-util-9.4.27.v20200227.jar:9.4.27.v20200227]
	at org.eclipse.jetty.util.thread.QueuedThreadPool.runJob(QueuedThreadPool.java:806) [jetty-util-9.4.27.v20200227.jar:9.4.27.v20200227]
	at org.eclipse.jetty.util.thread.QueuedThreadPool$Runner.run(QueuedThreadPool.java:938) [jetty-util-9.4.27.v20200227.jar:9.4.27.v20200227]
	at java.lang.Thread.run(Thread.java:748) [?:1.8.0_261]
2020-11-27 21:40:22.855 [qtp1146825051-20] ERROR com.ranksays.rocksdb.server.HttpHandler - Received invalid request from client
com.fasterxml.jackson.databind.exc.MismatchedInputException: No content to map due to end-of-input
 at [Source: (org.eclipse.jetty.server.HttpInputOverHTTP); line: 1, column: 0]
	at com.fasterxml.jackson.databind.exc.MismatchedInputException.from(MismatchedInputException.java:59) ~[jackson-databind-2.10.3.jar:2.10.3]
	at com.fasterxml.jackson.databind.ObjectMapper._initForReading(ObjectMapper.java:4360) ~[jackson-databind-2.10.3.jar:2.10.3]
	at com.fasterxml.jackson.databind.ObjectMapper._readMapAndClose(ObjectMapper.java:4205) ~[jackson-databind-2.10.3.jar:2.10.3]
	at com.fasterxml.jackson.databind.ObjectMapper.readValue(ObjectMapper.java:3251) ~[jackson-databind-2.10.3.jar:2.10.3]
	at com.ranksays.rocksdb.server.HttpHandler.handle(HttpHandler.java:51) ~[classes/:?]
	at org.eclipse.jetty.server.handler.HandlerWrapper.handle(HandlerWrapper.java:127) ~[jetty-server-9.4.27.v20200227.jar:9.4.27.v20200227]
	at org.eclipse.jetty.server.Server.handle(Server.java:500) ~[jetty-server-9.4.27.v20200227.jar:9.4.27.v20200227]
	at org.eclipse.jetty.server.HttpChannel.lambda$handle$1(HttpChannel.java:383) ~[jetty-server-9.4.27.v20200227.jar:9.4.27.v20200227]
	at org.eclipse.jetty.server.HttpChannel.dispatch(HttpChannel.java:547) [jetty-server-9.4.27.v20200227.jar:9.4.27.v20200227]
	at org.eclipse.jetty.server.HttpChannel.handle(HttpChannel.java:375) [jetty-server-9.4.27.v20200227.jar:9.4.27.v20200227]
	at org.eclipse.jetty.server.HttpConnection.onFillable(HttpConnection.java:273) [jetty-server-9.4.27.v20200227.jar:9.4.27.v20200227]
	at org.eclipse.jetty.io.AbstractConnection$ReadCallback.succeeded(AbstractConnection.java:311) [jetty-io-9.4.27.v20200227.jar:9.4.27.v20200227]
	at org.eclipse.jetty.io.FillInterest.fillable(FillInterest.java:103) [jetty-io-9.4.27.v20200227.jar:9.4.27.v20200227]
	at org.eclipse.jetty.io.ChannelEndPoint$2.run(ChannelEndPoint.java:117) [jetty-io-9.4.27.v20200227.jar:9.4.27.v20200227]
	at org.eclipse.jetty.util.thread.strategy.EatWhatYouKill.runTask(EatWhatYouKill.java:336) [jetty-util-9.4.27.v20200227.jar:9.4.27.v20200227]
	at org.eclipse.jetty.util.thread.strategy.EatWhatYouKill.doProduce(EatWhatYouKill.java:313) [jetty-util-9.4.27.v20200227.jar:9.4.27.v20200227]
	at org.eclipse.jetty.util.thread.strategy.EatWhatYouKill.tryProduce(EatWhatYouKill.java:171) [jetty-util-9.4.27.v20200227.jar:9.4.27.v20200227]
	at org.eclipse.jetty.util.thread.strategy.EatWhatYouKill.run(EatWhatYouKill.java:129) [jetty-util-9.4.27.v20200227.jar:9.4.27.v20200227]
	at org.eclipse.jetty.util.thread.ReservedThreadExecutor$ReservedThread.run(ReservedThreadExecutor.java:375) [jetty-util-9.4.27.v20200227.jar:9.4.27.v20200227]
	at org.eclipse.jetty.util.thread.QueuedThreadPool.runJob(QueuedThreadPool.java:806) [jetty-util-9.4.27.v20200227.jar:9.4.27.v20200227]
	at org.eclipse.jetty.util.thread.QueuedThreadPool$Runner.run(QueuedThreadPool.java:938) [jetty-util-9.4.27.v20200227.jar:9.4.27.v20200227]
	at java.lang.Thread.run(Thread.java:748) [?:1.8.0_261]
2020-11-27 21:57:10.480 [main] INFO  com.ranksays.rocksdb.server.Main - RocksDB Server started, visit http://127.0.0.1:8516
2020-11-27 22:09:26.552 [qtp1550261631-14] ERROR com.ranksays.rocksdb.server.HttpHandler - Received invalid request from client
com.fasterxml.jackson.databind.exc.MismatchedInputException: No content to map due to end-of-input
 at [Source: (org.eclipse.jetty.server.HttpInputOverHTTP); line: 1, column: 0]
	at com.fasterxml.jackson.databind.exc.MismatchedInputException.from(MismatchedInputException.java:59) ~[jackson-databind-2.10.3.jar:2.10.3]
	at com.fasterxml.jackson.databind.ObjectMapper._initForReading(ObjectMapper.java:4360) ~[jackson-databind-2.10.3.jar:2.10.3]
	at com.fasterxml.jackson.databind.ObjectMapper._readMapAndClose(ObjectMapper.java:4205) ~[jackson-databind-2.10.3.jar:2.10.3]
	at com.fasterxml.jackson.databind.ObjectMapper.readValue(ObjectMapper.java:3251) ~[jackson-databind-2.10.3.jar:2.10.3]
	at com.ranksays.rocksdb.server.HttpHandler.handle(HttpHandler.java:51) ~[classes/:?]
	at org.eclipse.jetty.server.handler.HandlerWrapper.handle(HandlerWrapper.java:127) ~[jetty-server-9.4.27.v20200227.jar:9.4.27.v20200227]
	at org.eclipse.jetty.server.Server.handle(Server.java:500) ~[jetty-server-9.4.27.v20200227.jar:9.4.27.v20200227]
	at org.eclipse.jetty.server.HttpChannel.lambda$handle$1(HttpChannel.java:383) ~[jetty-server-9.4.27.v20200227.jar:9.4.27.v20200227]
	at org.eclipse.jetty.server.HttpChannel.dispatch(HttpChannel.java:547) [jetty-server-9.4.27.v20200227.jar:9.4.27.v20200227]
	at org.eclipse.jetty.server.HttpChannel.handle(HttpChannel.java:375) [jetty-server-9.4.27.v20200227.jar:9.4.27.v20200227]
	at org.eclipse.jetty.server.HttpConnection.onFillable(HttpConnection.java:273) [jetty-server-9.4.27.v20200227.jar:9.4.27.v20200227]
	at org.eclipse.jetty.io.AbstractConnection$ReadCallback.succeeded(AbstractConnection.java:311) [jetty-io-9.4.27.v20200227.jar:9.4.27.v20200227]
	at org.eclipse.jetty.io.FillInterest.fillable(FillInterest.java:103) [jetty-io-9.4.27.v20200227.jar:9.4.27.v20200227]
	at org.eclipse.jetty.io.ChannelEndPoint$2.run(ChannelEndPoint.java:117) [jetty-io-9.4.27.v20200227.jar:9.4.27.v20200227]
	at org.eclipse.jetty.util.thread.QueuedThreadPool.runJob(QueuedThreadPool.java:806) [jetty-util-9.4.27.v20200227.jar:9.4.27.v20200227]
	at org.eclipse.jetty.util.thread.QueuedThreadPool$Runner.run(QueuedThreadPool.java:938) [jetty-util-9.4.27.v20200227.jar:9.4.27.v20200227]
	at java.lang.Thread.run(Thread.java:748) [?:1.8.0_261]
2020-11-27 22:09:26.886 [qtp1550261631-16] ERROR com.ranksays.rocksdb.server.HttpHandler - Received invalid request from client
com.fasterxml.jackson.databind.exc.MismatchedInputException: No content to map due to end-of-input
 at [Source: (org.eclipse.jetty.server.HttpInputOverHTTP); line: 1, column: 0]
	at com.fasterxml.jackson.databind.exc.MismatchedInputException.from(MismatchedInputException.java:59) ~[jackson-databind-2.10.3.jar:2.10.3]
	at com.fasterxml.jackson.databind.ObjectMapper._initForReading(ObjectMapper.java:4360) ~[jackson-databind-2.10.3.jar:2.10.3]
	at com.fasterxml.jackson.databind.ObjectMapper._readMapAndClose(ObjectMapper.java:4205) ~[jackson-databind-2.10.3.jar:2.10.3]
	at com.fasterxml.jackson.databind.ObjectMapper.readValue(ObjectMapper.java:3251) ~[jackson-databind-2.10.3.jar:2.10.3]
	at com.ranksays.rocksdb.server.HttpHandler.handle(HttpHandler.java:51) ~[classes/:?]
	at org.eclipse.jetty.server.handler.HandlerWrapper.handle(HandlerWrapper.java:127) ~[jetty-server-9.4.27.v20200227.jar:9.4.27.v20200227]
	at org.eclipse.jetty.server.Server.handle(Server.java:500) ~[jetty-server-9.4.27.v20200227.jar:9.4.27.v20200227]
	at org.eclipse.jetty.server.HttpChannel.lambda$handle$1(HttpChannel.java:383) ~[jetty-server-9.4.27.v20200227.jar:9.4.27.v20200227]
	at org.eclipse.jetty.server.HttpChannel.dispatch(HttpChannel.java:547) ~[jetty-server-9.4.27.v20200227.jar:9.4.27.v20200227]
	at org.eclipse.jetty.server.HttpChannel.handle(HttpChannel.java:375) ~[jetty-server-9.4.27.v20200227.jar:9.4.27.v20200227]
	at org.eclipse.jetty.server.HttpConnection.onFillable(HttpConnection.java:273) ~[jetty-server-9.4.27.v20200227.jar:9.4.27.v20200227]
	at org.eclipse.jetty.io.AbstractConnection$ReadCallback.succeeded(AbstractConnection.java:311) ~[jetty-io-9.4.27.v20200227.jar:9.4.27.v20200227]
	at org.eclipse.jetty.io.FillInterest.fillable(FillInterest.java:103) ~[jetty-io-9.4.27.v20200227.jar:9.4.27.v20200227]
	at org.eclipse.jetty.io.ChannelEndPoint$2.run(ChannelEndPoint.java:117) ~[jetty-io-9.4.27.v20200227.jar:9.4.27.v20200227]
	at org.eclipse.jetty.util.thread.strategy.EatWhatYouKill.runTask(EatWhatYouKill.java:336) ~[jetty-util-9.4.27.v20200227.jar:9.4.27.v20200227]
	at org.eclipse.jetty.util.thread.strategy.EatWhatYouKill.doProduce(EatWhatYouKill.java:313) ~[jetty-util-9.4.27.v20200227.jar:9.4.27.v20200227]
	at org.eclipse.jetty.util.thread.strategy.EatWhatYouKill.tryProduce(EatWhatYouKill.java:171) ~[jetty-util-9.4.27.v20200227.jar:9.4.27.v20200227]
	at org.eclipse.jetty.util.thread.strategy.EatWhatYouKill.produce(EatWhatYouKill.java:135) ~[jetty-util-9.4.27.v20200227.jar:9.4.27.v20200227]
	at org.eclipse.jetty.util.thread.QueuedThreadPool.runJob(QueuedThreadPool.java:806) [jetty-util-9.4.27.v20200227.jar:9.4.27.v20200227]
	at org.eclipse.jetty.util.thread.QueuedThreadPool$Runner.run(QueuedThreadPool.java:938) [jetty-util-9.4.27.v20200227.jar:9.4.27.v20200227]
	at java.lang.Thread.run(Thread.java:748) [?:1.8.0_261]
2020-11-27 22:47:05.402 [main] INFO  com.ranksays.rocksdb.server.Main - RocksDB Server started, visit http://127.0.0.1:8516
2020-11-27 22:49:20.280 [main] INFO  com.ranksays.rocksdb.server.Main - RocksDB Server started, visit http://127.0.0.1:8516
